[2026-01-12T00:01:13.992+0000] {local_task_job_runner.py:120} INFO - ::group::Pre task execution logs
[2026-01-12T00:01:14.034+0000] {taskinstance.py:2076} INFO - Dependencies all met for dep_context=non-requeueable deps ti=<TaskInstance: traffic_pipeline.check_kafka_health manual__2026-01-12T00:01:12+00:00 [queued]>
[2026-01-12T00:01:14.041+0000] {taskinstance.py:2076} INFO - Dependencies all met for dep_context=requeueable deps ti=<TaskInstance: traffic_pipeline.check_kafka_health manual__2026-01-12T00:01:12+00:00 [queued]>
[2026-01-12T00:01:14.046+0000] {taskinstance.py:2306} INFO - Starting attempt 1 of 3
[2026-01-12T00:01:14.055+0000] {taskinstance.py:2330} INFO - Executing <Task(BashOperator): check_kafka_health> on 2026-01-12 00:01:12+00:00
[2026-01-12T00:01:14.065+0000] {logging_mixin.py:188} WARNING - /home/***/.local/lib/python3.12/site-packages/***/task/task_runner/standard_task_runner.py:62 DeprecationWarning: This process (pid=554) is multi-threaded, use of fork() may lead to deadlocks in the child.
[2026-01-12T00:01:14.064+0000] {standard_task_runner.py:90} INFO - Running: ['***', 'tasks', 'run', 'traffic_pipeline', 'check_kafka_health', 'manual__2026-01-12T00:01:12+00:00', '--job-id', '94', '--raw', '--subdir', 'DAGS_FOLDER/traffic_pipeline_dag.py', '--cfg-path', '/tmp/tmp3e236qv4']
[2026-01-12T00:01:14.066+0000] {standard_task_runner.py:64} INFO - Started process 555 to run task
[2026-01-12T00:01:14.066+0000] {standard_task_runner.py:91} INFO - Job 94: Subtask check_kafka_health
[2026-01-12T00:01:14.146+0000] {task_command.py:426} INFO - Running <TaskInstance: traffic_pipeline.check_kafka_health manual__2026-01-12T00:01:12+00:00 [running]> on host 92b5c70e916e
[2026-01-12T00:01:14.240+0000] {taskinstance.py:2648} INFO - Exporting env vars: AIRFLOW_CTX_DAG_EMAIL='alertes@smartcity.local' AIRFLOW_CTX_DAG_OWNER='smartcity-team' AIRFLOW_CTX_DAG_ID='traffic_pipeline' AIRFLOW_CTX_TASK_ID='check_kafka_health' AIRFLOW_CTX_EXECUTION_DATE='2026-01-12T00:01:12+00:00' AIRFLOW_CTX_TRY_NUMBER='1' AIRFLOW_CTX_DAG_RUN_ID='manual__2026-01-12T00:01:12+00:00'
[2026-01-12T00:01:14.241+0000] {taskinstance.py:430} INFO - ::endgroup::
[2026-01-12T00:01:14.251+0000] {subprocess.py:63} INFO - Tmp dir root location: /tmp
[2026-01-12T00:01:14.252+0000] {subprocess.py:75} INFO - Running command: ['/usr/bin/bash', '-c', '\n            echo "🔍 Vérification de la connectivité Kafka..."\n            \n            # Tenter une connexion au broker Kafka\n            if nc -z -w5 kafka 9093 2>/dev/null; then\n                echo "✅ Kafka est accessible sur kafka:9093"\n                exit 0\n            else\n                echo "❌ Kafka n\'est pas accessible"\n                exit 1\n            fi\n        ']
[2026-01-12T00:01:14.259+0000] {subprocess.py:86} INFO - Output:
[2026-01-12T00:01:14.265+0000] {subprocess.py:93} INFO - 🔍 Vérification de la connectivité Kafka...
[2026-01-12T00:01:14.273+0000] {subprocess.py:93} INFO - ✅ Kafka est accessible sur kafka:9093
[2026-01-12T00:01:14.275+0000] {subprocess.py:97} INFO - Command exited with return code 0
[2026-01-12T00:01:14.278+0000] {taskinstance.py:441} INFO - ::group::Post task execution logs
[2026-01-12T00:01:14.335+0000] {taskinstance.py:1206} INFO - Marking task as SUCCESS. dag_id=traffic_pipeline, task_id=check_kafka_health, run_id=manual__2026-01-12T00:01:12+00:00, execution_date=20260112T000112, start_date=20260112T000114, end_date=20260112T000114
[2026-01-12T00:01:14.406+0000] {local_task_job_runner.py:243} INFO - Task exited with return code 0
[2026-01-12T00:01:14.461+0000] {taskinstance.py:3503} INFO - 1 downstream tasks scheduled from follow-on schedule check
[2026-01-12T00:01:14.465+0000] {local_task_job_runner.py:222} INFO - ::endgroup::
