[2026-01-12T08:26:47.750+0000] {local_task_job_runner.py:120} INFO - ::group::Pre task execution logs
[2026-01-12T08:26:47.852+0000] {taskinstance.py:2076} INFO - Dependencies all met for dep_context=non-requeueable deps ti=<TaskInstance: traffic_pipeline.archive_raw_data manual__2026-01-12T07:58:52.756145+00:00 [queued]>
[2026-01-12T08:26:47.874+0000] {taskinstance.py:2076} INFO - Dependencies all met for dep_context=requeueable deps ti=<TaskInstance: traffic_pipeline.archive_raw_data manual__2026-01-12T07:58:52.756145+00:00 [queued]>
[2026-01-12T08:26:47.881+0000] {taskinstance.py:2306} INFO - Starting attempt 1 of 3
[2026-01-12T08:26:47.907+0000] {taskinstance.py:2330} INFO - Executing <Task(BashOperator): archive_raw_data> on 2026-01-12 07:58:52.756145+00:00
[2026-01-12T08:26:47.926+0000] {standard_task_runner.py:90} INFO - Running: ['***', 'tasks', 'run', 'traffic_pipeline', 'archive_raw_data', 'manual__2026-01-12T07:58:52.756145+00:00', '--job-id', '194', '--raw', '--subdir', 'DAGS_FOLDER/traffic_pipeline_dag.py', '--cfg-path', '/tmp/tmpm2_ou4i7']
[2026-01-12T08:26:47.934+0000] {standard_task_runner.py:91} INFO - Job 194: Subtask archive_raw_data
[2026-01-12T08:26:47.959+0000] {logging_mixin.py:188} WARNING - /home/***/.local/lib/python3.12/site-packages/***/task/task_runner/standard_task_runner.py:62 DeprecationWarning: This process (pid=1441) is multi-threaded, use of fork() may lead to deadlocks in the child.
[2026-01-12T08:26:47.963+0000] {standard_task_runner.py:64} INFO - Started process 1443 to run task
[2026-01-12T08:26:48.097+0000] {task_command.py:426} INFO - Running <TaskInstance: traffic_pipeline.archive_raw_data manual__2026-01-12T07:58:52.756145+00:00 [running]> on host 62775b93545d
[2026-01-12T08:26:48.312+0000] {taskinstance.py:2648} INFO - Exporting env vars: AIRFLOW_CTX_DAG_EMAIL='alertes@smartcity.local' AIRFLOW_CTX_DAG_OWNER='smartcity-team' AIRFLOW_CTX_DAG_ID='traffic_pipeline' AIRFLOW_CTX_TASK_ID='archive_raw_data' AIRFLOW_CTX_EXECUTION_DATE='2026-01-12T07:58:52.756145+00:00' AIRFLOW_CTX_TRY_NUMBER='1' AIRFLOW_CTX_DAG_RUN_ID='manual__2026-01-12T07:58:52.756145+00:00'
[2026-01-12T08:26:48.316+0000] {taskinstance.py:430} INFO - ::endgroup::
[2026-01-12T08:26:48.342+0000] {subprocess.py:63} INFO - Tmp dir root location: /tmp
[2026-01-12T08:26:48.345+0000] {subprocess.py:75} INFO - Running command: ['/usr/bin/bash', '-c', '\n            echo "📦 Archivage des données brutes..."\n            \n            # Obtenir la date du jour pour l\'archive\n            TODAY=$(date +%Y%m%d)\n            ARCHIVE_PATH="/data/archive/traffic/$TODAY"\n            \n            # Créer le dossier d\'archive si nécessaire\n            docker exec namenode hdfs dfs -mkdir -p $ARCHIVE_PATH 2>/dev/null || true\n            \n            # Déplacer les fichiers traités (optionnel - à activer si besoin)\n            # docker exec namenode hdfs dfs -mv /user/hdfs/traffic/* $ARCHIVE_PATH/ 2>/dev/null || true\n            \n            # Alternative : supprimer les fichiers de plus de 7 jours\n            echo "🧹 Nettoyage des fichiers de plus de 7 jours..."\n            CUTOFF_DATE=$(date -d \'7 days ago\' +%Y-%m-%d 2>/dev/null || date -v-7d +%Y-%m-%d 2>/dev/null || echo "2026-01-01")\n            \n            # Lister et afficher les fichiers à archiver (sans suppression)\n            docker exec namenode hdfs dfs -ls -R /user/hdfs/traffic 2>/dev/null | head -20 || true\n            \n            echo "✅ Archivage terminé (mode simulation)"\n        ']
[2026-01-12T08:26:48.361+0000] {subprocess.py:86} INFO - Output:
[2026-01-12T08:26:48.364+0000] {subprocess.py:93} INFO - 📦 Archivage des données brutes...
[2026-01-12T08:26:52.533+0000] {subprocess.py:93} INFO - 🧹 Nettoyage des fichiers de plus de 7 jours...
[2026-01-12T08:26:57.074+0000] {subprocess.py:93} INFO - drwxr-xr-x   - hdfs hdfs          0 2026-01-11 14:08 /user/hdfs/traffic/year=2026
[2026-01-12T08:26:57.081+0000] {subprocess.py:93} INFO - drwxr-xr-x   - hdfs hdfs          0 2026-01-11 14:08 /user/hdfs/traffic/year=2026/month=01
[2026-01-12T08:26:57.083+0000] {subprocess.py:93} INFO - drwxr-xr-x   - hdfs hdfs          0 2026-01-11 15:14 /user/hdfs/traffic/year=2026/month=01/day=11
[2026-01-12T08:26:57.085+0000] {subprocess.py:93} INFO - drwxr-xr-x   - hdfs hdfs          0 2026-01-11 15:18 /user/hdfs/traffic/year=2026/month=01/day=11/zone=Centre-Ville
[2026-01-12T08:26:57.092+0000] {subprocess.py:93} INFO - -rw-r--r--   3 hdfs hdfs       1427 2026-01-11 15:14 /user/hdfs/traffic/year=2026/month=01/day=11/zone=Centre-Ville/traffic_20260111140822.jsonl
[2026-01-12T08:26:57.094+0000] {subprocess.py:93} INFO - -rw-r--r--   3 hdfs hdfs       2522 2026-01-11 15:14 /user/hdfs/traffic/year=2026/month=01/day=11/zone=Centre-Ville/traffic_20260111140825.jsonl
[2026-01-12T08:26:57.096+0000] {subprocess.py:93} INFO - -rw-r--r--   3 hdfs hdfs       1791 2026-01-11 15:14 /user/hdfs/traffic/year=2026/month=01/day=11/zone=Centre-Ville/traffic_20260111140828.jsonl
[2026-01-12T08:26:57.099+0000] {subprocess.py:93} INFO - -rw-r--r--   3 hdfs hdfs       2327 2026-01-11 15:14 /user/hdfs/traffic/year=2026/month=01/day=11/zone=Centre-Ville/traffic_20260111140831.jsonl
[2026-01-12T08:26:57.100+0000] {subprocess.py:93} INFO - -rw-r--r--   3 hdfs hdfs       2339 2026-01-11 15:14 /user/hdfs/traffic/year=2026/month=01/day=11/zone=Centre-Ville/traffic_20260111140833.jsonl
[2026-01-12T08:26:57.102+0000] {subprocess.py:93} INFO - -rw-r--r--   3 hdfs hdfs       2907 2026-01-11 15:14 /user/hdfs/traffic/year=2026/month=01/day=11/zone=Centre-Ville/traffic_20260111140836.jsonl
[2026-01-12T08:26:57.103+0000] {subprocess.py:93} INFO - -rw-r--r--   3 hdfs hdfs        531 2026-01-11 15:14 /user/hdfs/traffic/year=2026/month=01/day=11/zone=Centre-Ville/traffic_20260111140839.jsonl
[2026-01-12T08:26:57.108+0000] {subprocess.py:93} INFO - -rw-r--r--   3 hdfs hdfs       1432 2026-01-11 15:14 /user/hdfs/traffic/year=2026/month=01/day=11/zone=Centre-Ville/traffic_20260111140841.jsonl
[2026-01-12T08:26:57.110+0000] {subprocess.py:93} INFO - -rw-r--r--   3 hdfs hdfs       1813 2026-01-11 15:14 /user/hdfs/traffic/year=2026/month=01/day=11/zone=Centre-Ville/traffic_20260111140843.jsonl
[2026-01-12T08:26:57.111+0000] {subprocess.py:93} INFO - -rw-r--r--   3 hdfs hdfs       2313 2026-01-11 15:14 /user/hdfs/traffic/year=2026/month=01/day=11/zone=Centre-Ville/traffic_20260111140846.jsonl
[2026-01-12T08:26:57.113+0000] {subprocess.py:93} INFO - -rw-r--r--   3 hdfs hdfs       2853 2026-01-11 15:14 /user/hdfs/traffic/year=2026/month=01/day=11/zone=Centre-Ville/traffic_20260111140848.jsonl
[2026-01-12T08:26:57.115+0000] {subprocess.py:93} INFO - -rw-r--r--   3 hdfs hdfs       2327 2026-01-11 15:14 /user/hdfs/traffic/year=2026/month=01/day=11/zone=Centre-Ville/traffic_20260111140851.jsonl
[2026-01-12T08:26:57.116+0000] {subprocess.py:93} INFO - -rw-r--r--   3 hdfs hdfs       1969 2026-01-11 15:14 /user/hdfs/traffic/year=2026/month=01/day=11/zone=Centre-Ville/traffic_20260111140853.jsonl
[2026-01-12T08:26:57.118+0000] {subprocess.py:93} INFO - -rw-r--r--   3 hdfs hdfs       1621 2026-01-11 15:14 /user/hdfs/traffic/year=2026/month=01/day=11/zone=Centre-Ville/traffic_20260111140856.jsonl
[2026-01-12T08:26:57.119+0000] {subprocess.py:93} INFO - -rw-r--r--   3 hdfs hdfs       1462 2026-01-11 15:14 /user/hdfs/traffic/year=2026/month=01/day=11/zone=Centre-Ville/traffic_20260111140859.jsonl
[2026-01-12T08:26:57.120+0000] {subprocess.py:93} INFO - -rw-r--r--   3 hdfs hdfs       2513 2026-01-11 15:14 /user/hdfs/traffic/year=2026/month=01/day=11/zone=Centre-Ville/traffic_20260111140901.jsonl
[2026-01-12T08:26:57.122+0000] {subprocess.py:93} INFO - ✅ Archivage terminé (mode simulation)
[2026-01-12T08:26:57.123+0000] {subprocess.py:97} INFO - Command exited with return code 0
[2026-01-12T08:26:57.126+0000] {taskinstance.py:441} INFO - ::group::Post task execution logs
[2026-01-12T08:26:57.205+0000] {taskinstance.py:1206} INFO - Marking task as SUCCESS. dag_id=traffic_pipeline, task_id=archive_raw_data, run_id=manual__2026-01-12T07:58:52.756145+00:00, execution_date=20260112T075852, start_date=20260112T082647, end_date=20260112T082657
[2026-01-12T08:26:57.280+0000] {local_task_job_runner.py:243} INFO - Task exited with return code 0
[2026-01-12T08:26:57.327+0000] {taskinstance.py:3503} INFO - 0 downstream tasks scheduled from follow-on schedule check
[2026-01-12T08:26:57.334+0000] {local_task_job_runner.py:222} INFO - ::endgroup::
