[2026-01-12T00:11:25.834+0000] {local_task_job_runner.py:120} INFO - ::group::Pre task execution logs
[2026-01-12T00:11:25.873+0000] {taskinstance.py:2076} INFO - Dependencies all met for dep_context=non-requeueable deps ti=<TaskInstance: traffic_pipeline.check_kafka_health manual__2026-01-12T00:11:24.985581+00:00 [queued]>
[2026-01-12T00:11:25.886+0000] {taskinstance.py:2076} INFO - Dependencies all met for dep_context=requeueable deps ti=<TaskInstance: traffic_pipeline.check_kafka_health manual__2026-01-12T00:11:24.985581+00:00 [queued]>
[2026-01-12T00:11:25.889+0000] {taskinstance.py:2306} INFO - Starting attempt 1 of 3
[2026-01-12T00:11:25.907+0000] {taskinstance.py:2330} INFO - Executing <Task(BashOperator): check_kafka_health> on 2026-01-12 00:11:24.985581+00:00
[2026-01-12T00:11:25.919+0000] {logging_mixin.py:188} WARNING - /home/***/.local/lib/python3.12/site-packages/***/task/task_runner/standard_task_runner.py:62 DeprecationWarning: This process (pid=1019) is multi-threaded, use of fork() may lead to deadlocks in the child.
[2026-01-12T00:11:25.919+0000] {standard_task_runner.py:90} INFO - Running: ['***', 'tasks', 'run', 'traffic_pipeline', 'check_kafka_health', 'manual__2026-01-12T00:11:24.985581+00:00', '--job-id', '107', '--raw', '--subdir', 'DAGS_FOLDER/traffic_pipeline_dag.py', '--cfg-path', '/tmp/tmpiwt2gi85']
[2026-01-12T00:11:25.921+0000] {standard_task_runner.py:64} INFO - Started process 1020 to run task
[2026-01-12T00:11:25.921+0000] {standard_task_runner.py:91} INFO - Job 107: Subtask check_kafka_health
[2026-01-12T00:11:26.011+0000] {task_command.py:426} INFO - Running <TaskInstance: traffic_pipeline.check_kafka_health manual__2026-01-12T00:11:24.985581+00:00 [running]> on host 92b5c70e916e
[2026-01-12T00:11:26.155+0000] {taskinstance.py:2648} INFO - Exporting env vars: AIRFLOW_CTX_DAG_EMAIL='alertes@smartcity.local' AIRFLOW_CTX_DAG_OWNER='smartcity-team' AIRFLOW_CTX_DAG_ID='traffic_pipeline' AIRFLOW_CTX_TASK_ID='check_kafka_health' AIRFLOW_CTX_EXECUTION_DATE='2026-01-12T00:11:24.985581+00:00' AIRFLOW_CTX_TRY_NUMBER='1' AIRFLOW_CTX_DAG_RUN_ID='manual__2026-01-12T00:11:24.985581+00:00'
[2026-01-12T00:11:26.160+0000] {taskinstance.py:430} INFO - ::endgroup::
[2026-01-12T00:11:26.178+0000] {subprocess.py:63} INFO - Tmp dir root location: /tmp
[2026-01-12T00:11:26.180+0000] {subprocess.py:75} INFO - Running command: ['/usr/bin/bash', '-c', '\n            echo "🔍 Vérification de la connectivité Kafka..."\n            \n            # Tenter une connexion au broker Kafka\n            if nc -z -w5 kafka 9093 2>/dev/null; then\n                echo "✅ Kafka est accessible sur kafka:9093"\n                exit 0\n            else\n                echo "❌ Kafka n\'est pas accessible"\n                exit 1\n            fi\n        ']
[2026-01-12T00:11:26.188+0000] {subprocess.py:86} INFO - Output:
[2026-01-12T00:11:26.190+0000] {subprocess.py:93} INFO - 🔍 Vérification de la connectivité Kafka...
[2026-01-12T00:11:26.195+0000] {subprocess.py:93} INFO - ✅ Kafka est accessible sur kafka:9093
[2026-01-12T00:11:26.197+0000] {subprocess.py:97} INFO - Command exited with return code 0
[2026-01-12T00:11:26.198+0000] {taskinstance.py:441} INFO - ::group::Post task execution logs
[2026-01-12T00:11:26.238+0000] {taskinstance.py:1206} INFO - Marking task as SUCCESS. dag_id=traffic_pipeline, task_id=check_kafka_health, run_id=manual__2026-01-12T00:11:24.985581+00:00, execution_date=20260112T001124, start_date=20260112T001125, end_date=20260112T001126
[2026-01-12T00:11:26.299+0000] {local_task_job_runner.py:243} INFO - Task exited with return code 0
[2026-01-12T00:11:26.362+0000] {taskinstance.py:3503} INFO - 1 downstream tasks scheduled from follow-on schedule check
[2026-01-12T00:11:26.368+0000] {local_task_job_runner.py:222} INFO - ::endgroup::
