[2026-01-12T08:15:02.842+0000] {local_task_job_runner.py:120} INFO - ::group::Pre task execution logs
[2026-01-12T08:15:03.007+0000] {taskinstance.py:2076} INFO - Dependencies all met for dep_context=non-requeueable deps ti=<TaskInstance: traffic_pipeline_monitor.health_check scheduled__2026-01-12T08:00:00+00:00 [queued]>
[2026-01-12T08:15:03.045+0000] {taskinstance.py:2076} INFO - Dependencies all met for dep_context=requeueable deps ti=<TaskInstance: traffic_pipeline_monitor.health_check scheduled__2026-01-12T08:00:00+00:00 [queued]>
[2026-01-12T08:15:03.047+0000] {taskinstance.py:2306} INFO - Starting attempt 1 of 3
[2026-01-12T08:15:03.083+0000] {taskinstance.py:2330} INFO - Executing <Task(BashOperator): health_check> on 2026-01-12 08:00:00+00:00
[2026-01-12T08:15:03.108+0000] {standard_task_runner.py:90} INFO - Running: ['***', 'tasks', 'run', 'traffic_pipeline_monitor', 'health_check', 'scheduled__2026-01-12T08:00:00+00:00', '--job-id', '180', '--raw', '--subdir', 'DAGS_FOLDER/traffic_pipeline_dag.py', '--cfg-path', '/tmp/tmp0669lwgg']
[2026-01-12T08:15:03.114+0000] {logging_mixin.py:188} WARNING - /home/***/.local/lib/python3.12/site-packages/***/task/task_runner/standard_task_runner.py:62 DeprecationWarning: This process (pid=878) is multi-threaded, use of fork() may lead to deadlocks in the child.
[2026-01-12T08:15:03.115+0000] {standard_task_runner.py:91} INFO - Job 180: Subtask health_check
[2026-01-12T08:15:03.116+0000] {standard_task_runner.py:64} INFO - Started process 879 to run task
[2026-01-12T08:15:03.283+0000] {task_command.py:426} INFO - Running <TaskInstance: traffic_pipeline_monitor.health_check scheduled__2026-01-12T08:00:00+00:00 [running]> on host 62775b93545d
[2026-01-12T08:15:03.667+0000] {taskinstance.py:2648} INFO - Exporting env vars: AIRFLOW_CTX_DAG_EMAIL='alertes@smartcity.local' AIRFLOW_CTX_DAG_OWNER='smartcity-team' AIRFLOW_CTX_DAG_ID='traffic_pipeline_monitor' AIRFLOW_CTX_TASK_ID='health_check' AIRFLOW_CTX_EXECUTION_DATE='2026-01-12T08:00:00+00:00' AIRFLOW_CTX_TRY_NUMBER='1' AIRFLOW_CTX_DAG_RUN_ID='scheduled__2026-01-12T08:00:00+00:00'
[2026-01-12T08:15:03.672+0000] {taskinstance.py:430} INFO - ::endgroup::
[2026-01-12T08:15:03.773+0000] {subprocess.py:63} INFO - Tmp dir root location: /tmp
[2026-01-12T08:15:03.788+0000] {subprocess.py:75} INFO - Running command: ['/usr/bin/bash', '-c', '\n            echo "🔍 Health Check du pipeline..."\n            \n            # Vérifier Kafka\n            nc -z -w2 kafka 9093 && echo "✅ Kafka OK" || echo "❌ Kafka KO"\n            \n            # Vérifier HDFS (via curl sur l\'API WebHDFS)\n            curl -s -o /dev/null -w "%{http_code}" http://namenode:9870/webhdfs/v1/?op=LISTSTATUS | grep -q "200" && echo "✅ HDFS OK" || echo "❌ HDFS KO"\n            \n            # Vérifier Spark Master\n            curl -s -o /dev/null -w "%{http_code}" http://spark-master:8080/ | grep -q "200" && echo "✅ Spark OK" || echo "❌ Spark KO"\n            \n            # Vérifier API Analytics\n            curl -s -o /dev/null -w "%{http_code}" http://api-analytics:8000/health | grep -q "200" && echo "✅ API OK" || echo "❌ API KO"\n            \n            echo "✅ Health check terminé"\n        ']
[2026-01-12T08:15:03.867+0000] {subprocess.py:86} INFO - Output:
[2026-01-12T08:15:03.906+0000] {subprocess.py:93} INFO - 🔍 Health Check du pipeline...
[2026-01-12T08:15:03.954+0000] {subprocess.py:93} INFO - ✅ Kafka OK
[2026-01-12T08:15:04.090+0000] {subprocess.py:93} INFO - ✅ HDFS OK
[2026-01-12T08:15:04.263+0000] {subprocess.py:93} INFO - ✅ Spark OK
[2026-01-12T08:15:04.779+0000] {subprocess.py:93} INFO - ✅ API OK
[2026-01-12T08:15:04.781+0000] {subprocess.py:93} INFO - ✅ Health check terminé
[2026-01-12T08:15:04.788+0000] {subprocess.py:97} INFO - Command exited with return code 0
[2026-01-12T08:15:04.793+0000] {taskinstance.py:441} INFO - ::group::Post task execution logs
[2026-01-12T08:15:04.960+0000] {taskinstance.py:1206} INFO - Marking task as SUCCESS. dag_id=traffic_pipeline_monitor, task_id=health_check, run_id=scheduled__2026-01-12T08:00:00+00:00, execution_date=20260112T080000, start_date=20260112T081503, end_date=20260112T081504
[2026-01-12T08:15:05.072+0000] {local_task_job_runner.py:243} INFO - Task exited with return code 0
[2026-01-12T08:15:05.153+0000] {taskinstance.py:3503} INFO - 0 downstream tasks scheduled from follow-on schedule check
[2026-01-12T08:15:05.159+0000] {local_task_job_runner.py:222} INFO - ::endgroup::
