[2026-01-12T08:39:06.420+0000] {local_task_job_runner.py:120} INFO - ::group::Pre task execution logs
[2026-01-12T08:39:06.493+0000] {taskinstance.py:2076} INFO - Dependencies all met for dep_context=non-requeueable deps ti=<TaskInstance: traffic_pipeline.archive_raw_data manual__2026-01-12T08:28:39+00:00 [queued]>
[2026-01-12T08:39:06.509+0000] {taskinstance.py:2076} INFO - Dependencies all met for dep_context=requeueable deps ti=<TaskInstance: traffic_pipeline.archive_raw_data manual__2026-01-12T08:28:39+00:00 [queued]>
[2026-01-12T08:39:06.513+0000] {taskinstance.py:2306} INFO - Starting attempt 1 of 3
[2026-01-12T08:39:06.540+0000] {taskinstance.py:2330} INFO - Executing <Task(BashOperator): archive_raw_data> on 2026-01-12 08:28:39+00:00
[2026-01-12T08:39:06.556+0000] {standard_task_runner.py:90} INFO - Running: ['***', 'tasks', 'run', 'traffic_pipeline', 'archive_raw_data', 'manual__2026-01-12T08:28:39+00:00', '--job-id', '203', '--raw', '--subdir', 'DAGS_FOLDER/traffic_pipeline_dag.py', '--cfg-path', '/tmp/tmpk8s27lga']
[2026-01-12T08:39:06.562+0000] {standard_task_runner.py:91} INFO - Job 203: Subtask archive_raw_data
[2026-01-12T08:39:06.573+0000] {logging_mixin.py:188} WARNING - /home/***/.local/lib/python3.12/site-packages/***/task/task_runner/standard_task_runner.py:62 DeprecationWarning: This process (pid=1933) is multi-threaded, use of fork() may lead to deadlocks in the child.
[2026-01-12T08:39:06.576+0000] {standard_task_runner.py:64} INFO - Started process 1934 to run task
[2026-01-12T08:39:06.668+0000] {task_command.py:426} INFO - Running <TaskInstance: traffic_pipeline.archive_raw_data manual__2026-01-12T08:28:39+00:00 [running]> on host 62775b93545d
[2026-01-12T08:39:06.931+0000] {taskinstance.py:2648} INFO - Exporting env vars: AIRFLOW_CTX_DAG_EMAIL='alertes@smartcity.local' AIRFLOW_CTX_DAG_OWNER='smartcity-team' AIRFLOW_CTX_DAG_ID='traffic_pipeline' AIRFLOW_CTX_TASK_ID='archive_raw_data' AIRFLOW_CTX_EXECUTION_DATE='2026-01-12T08:28:39+00:00' AIRFLOW_CTX_TRY_NUMBER='1' AIRFLOW_CTX_DAG_RUN_ID='manual__2026-01-12T08:28:39+00:00'
[2026-01-12T08:39:06.933+0000] {taskinstance.py:430} INFO - ::endgroup::
[2026-01-12T08:39:06.969+0000] {subprocess.py:63} INFO - Tmp dir root location: /tmp
[2026-01-12T08:39:06.973+0000] {subprocess.py:75} INFO - Running command: ['/usr/bin/bash', '-c', '\n            echo "📦 Archivage des données brutes..."\n            \n            # Obtenir la date du jour pour l\'archive\n            TODAY=$(date +%Y%m%d)\n            ARCHIVE_PATH="/data/archive/traffic/$TODAY"\n            \n            # Créer le dossier d\'archive si nécessaire\n            docker exec namenode hdfs dfs -mkdir -p $ARCHIVE_PATH 2>/dev/null || true\n            \n            # Déplacer les fichiers traités (optionnel - à activer si besoin)\n            # docker exec namenode hdfs dfs -mv /user/hdfs/traffic/* $ARCHIVE_PATH/ 2>/dev/null || true\n            \n            # Alternative : supprimer les fichiers de plus de 7 jours\n            echo "🧹 Nettoyage des fichiers de plus de 7 jours..."\n            CUTOFF_DATE=$(date -d \'7 days ago\' +%Y-%m-%d 2>/dev/null || date -v-7d +%Y-%m-%d 2>/dev/null || echo "2026-01-01")\n            \n            # Lister et afficher les fichiers à archiver (sans suppression)\n            docker exec namenode hdfs dfs -ls -R /user/hdfs/traffic 2>/dev/null | head -20 || true\n            \n            echo "✅ Archivage terminé (mode simulation)"\n        ']
[2026-01-12T08:39:06.992+0000] {subprocess.py:86} INFO - Output:
[2026-01-12T08:39:06.995+0000] {subprocess.py:93} INFO - 📦 Archivage des données brutes...
[2026-01-12T08:39:09.763+0000] {subprocess.py:93} INFO - 🧹 Nettoyage des fichiers de plus de 7 jours...
[2026-01-12T08:39:11.784+0000] {subprocess.py:93} INFO - drwxr-xr-x   - hdfs hdfs          0 2026-01-11 14:08 /user/hdfs/traffic/year=2026
[2026-01-12T08:39:11.794+0000] {subprocess.py:93} INFO - drwxr-xr-x   - hdfs hdfs          0 2026-01-11 14:08 /user/hdfs/traffic/year=2026/month=01
[2026-01-12T08:39:11.796+0000] {subprocess.py:93} INFO - drwxr-xr-x   - hdfs hdfs          0 2026-01-11 15:14 /user/hdfs/traffic/year=2026/month=01/day=11
[2026-01-12T08:39:11.799+0000] {subprocess.py:93} INFO - drwxr-xr-x   - hdfs hdfs          0 2026-01-11 15:18 /user/hdfs/traffic/year=2026/month=01/day=11/zone=Centre-Ville
[2026-01-12T08:39:11.800+0000] {subprocess.py:93} INFO - -rw-r--r--   3 hdfs hdfs       1427 2026-01-11 15:14 /user/hdfs/traffic/year=2026/month=01/day=11/zone=Centre-Ville/traffic_20260111140822.jsonl
[2026-01-12T08:39:11.802+0000] {subprocess.py:93} INFO - -rw-r--r--   3 hdfs hdfs       2522 2026-01-11 15:14 /user/hdfs/traffic/year=2026/month=01/day=11/zone=Centre-Ville/traffic_20260111140825.jsonl
[2026-01-12T08:39:11.805+0000] {subprocess.py:93} INFO - -rw-r--r--   3 hdfs hdfs       1791 2026-01-11 15:14 /user/hdfs/traffic/year=2026/month=01/day=11/zone=Centre-Ville/traffic_20260111140828.jsonl
[2026-01-12T08:39:11.807+0000] {subprocess.py:93} INFO - -rw-r--r--   3 hdfs hdfs       2327 2026-01-11 15:14 /user/hdfs/traffic/year=2026/month=01/day=11/zone=Centre-Ville/traffic_20260111140831.jsonl
[2026-01-12T08:39:11.811+0000] {subprocess.py:93} INFO - -rw-r--r--   3 hdfs hdfs       2339 2026-01-11 15:14 /user/hdfs/traffic/year=2026/month=01/day=11/zone=Centre-Ville/traffic_20260111140833.jsonl
[2026-01-12T08:39:11.814+0000] {subprocess.py:93} INFO - -rw-r--r--   3 hdfs hdfs       2907 2026-01-11 15:14 /user/hdfs/traffic/year=2026/month=01/day=11/zone=Centre-Ville/traffic_20260111140836.jsonl
[2026-01-12T08:39:11.815+0000] {subprocess.py:93} INFO - -rw-r--r--   3 hdfs hdfs        531 2026-01-11 15:14 /user/hdfs/traffic/year=2026/month=01/day=11/zone=Centre-Ville/traffic_20260111140839.jsonl
[2026-01-12T08:39:11.817+0000] {subprocess.py:93} INFO - -rw-r--r--   3 hdfs hdfs       1432 2026-01-11 15:14 /user/hdfs/traffic/year=2026/month=01/day=11/zone=Centre-Ville/traffic_20260111140841.jsonl
[2026-01-12T08:39:11.823+0000] {subprocess.py:93} INFO - -rw-r--r--   3 hdfs hdfs       1813 2026-01-11 15:14 /user/hdfs/traffic/year=2026/month=01/day=11/zone=Centre-Ville/traffic_20260111140843.jsonl
[2026-01-12T08:39:11.825+0000] {subprocess.py:93} INFO - -rw-r--r--   3 hdfs hdfs       2313 2026-01-11 15:14 /user/hdfs/traffic/year=2026/month=01/day=11/zone=Centre-Ville/traffic_20260111140846.jsonl
[2026-01-12T08:39:11.827+0000] {subprocess.py:93} INFO - -rw-r--r--   3 hdfs hdfs       2853 2026-01-11 15:14 /user/hdfs/traffic/year=2026/month=01/day=11/zone=Centre-Ville/traffic_20260111140848.jsonl
[2026-01-12T08:39:11.829+0000] {subprocess.py:93} INFO - -rw-r--r--   3 hdfs hdfs       2327 2026-01-11 15:14 /user/hdfs/traffic/year=2026/month=01/day=11/zone=Centre-Ville/traffic_20260111140851.jsonl
[2026-01-12T08:39:11.830+0000] {subprocess.py:93} INFO - -rw-r--r--   3 hdfs hdfs       1969 2026-01-11 15:14 /user/hdfs/traffic/year=2026/month=01/day=11/zone=Centre-Ville/traffic_20260111140853.jsonl
[2026-01-12T08:39:11.833+0000] {subprocess.py:93} INFO - -rw-r--r--   3 hdfs hdfs       1621 2026-01-11 15:14 /user/hdfs/traffic/year=2026/month=01/day=11/zone=Centre-Ville/traffic_20260111140856.jsonl
[2026-01-12T08:39:11.835+0000] {subprocess.py:93} INFO - -rw-r--r--   3 hdfs hdfs       1462 2026-01-11 15:14 /user/hdfs/traffic/year=2026/month=01/day=11/zone=Centre-Ville/traffic_20260111140859.jsonl
[2026-01-12T08:39:11.836+0000] {subprocess.py:93} INFO - -rw-r--r--   3 hdfs hdfs       2513 2026-01-11 15:14 /user/hdfs/traffic/year=2026/month=01/day=11/zone=Centre-Ville/traffic_20260111140901.jsonl
[2026-01-12T08:39:11.839+0000] {subprocess.py:93} INFO - ✅ Archivage terminé (mode simulation)
[2026-01-12T08:39:11.841+0000] {subprocess.py:97} INFO - Command exited with return code 0
[2026-01-12T08:39:11.847+0000] {taskinstance.py:441} INFO - ::group::Post task execution logs
[2026-01-12T08:39:11.929+0000] {taskinstance.py:1206} INFO - Marking task as SUCCESS. dag_id=traffic_pipeline, task_id=archive_raw_data, run_id=manual__2026-01-12T08:28:39+00:00, execution_date=20260112T082839, start_date=20260112T083906, end_date=20260112T083911
[2026-01-12T08:39:12.005+0000] {local_task_job_runner.py:243} INFO - Task exited with return code 0
[2026-01-12T08:39:12.048+0000] {taskinstance.py:3503} INFO - 0 downstream tasks scheduled from follow-on schedule check
[2026-01-12T08:39:12.055+0000] {local_task_job_runner.py:222} INFO - ::endgroup::
