[2026-01-12T00:01:16.069+0000] {local_task_job_runner.py:120} INFO - ::group::Pre task execution logs
[2026-01-12T00:01:16.113+0000] {taskinstance.py:2076} INFO - Dependencies all met for dep_context=non-requeueable deps ti=<TaskInstance: traffic_pipeline.spark_processing manual__2026-01-12T00:01:12+00:00 [queued]>
[2026-01-12T00:01:16.129+0000] {taskinstance.py:2076} INFO - Dependencies all met for dep_context=requeueable deps ti=<TaskInstance: traffic_pipeline.spark_processing manual__2026-01-12T00:01:12+00:00 [queued]>
[2026-01-12T00:01:16.135+0000] {taskinstance.py:2306} INFO - Starting attempt 1 of 3
[2026-01-12T00:01:16.166+0000] {taskinstance.py:2330} INFO - Executing <Task(BashOperator): spark_processing> on 2026-01-12 00:01:12+00:00
[2026-01-12T00:01:16.185+0000] {standard_task_runner.py:90} INFO - Running: ['***', 'tasks', 'run', 'traffic_pipeline', 'spark_processing', 'manual__2026-01-12T00:01:12+00:00', '--job-id', '96', '--raw', '--subdir', 'DAGS_FOLDER/traffic_pipeline_dag.py', '--cfg-path', '/tmp/tmpl4hp3azt']
[2026-01-12T00:01:16.196+0000] {standard_task_runner.py:91} INFO - Job 96: Subtask spark_processing
[2026-01-12T00:01:16.194+0000] {logging_mixin.py:188} WARNING - /home/***/.local/lib/python3.12/site-packages/***/task/task_runner/standard_task_runner.py:62 DeprecationWarning: This process (pid=560) is multi-threaded, use of fork() may lead to deadlocks in the child.
[2026-01-12T00:01:16.200+0000] {standard_task_runner.py:64} INFO - Started process 561 to run task
[2026-01-12T00:01:16.406+0000] {task_command.py:426} INFO - Running <TaskInstance: traffic_pipeline.spark_processing manual__2026-01-12T00:01:12+00:00 [running]> on host 92b5c70e916e
[2026-01-12T00:01:16.593+0000] {taskinstance.py:2648} INFO - Exporting env vars: AIRFLOW_CTX_DAG_EMAIL='alertes@smartcity.local' AIRFLOW_CTX_DAG_OWNER='smartcity-team' AIRFLOW_CTX_DAG_ID='traffic_pipeline' AIRFLOW_CTX_TASK_ID='spark_processing' AIRFLOW_CTX_EXECUTION_DATE='2026-01-12T00:01:12+00:00' AIRFLOW_CTX_TRY_NUMBER='1' AIRFLOW_CTX_DAG_RUN_ID='manual__2026-01-12T00:01:12+00:00'
[2026-01-12T00:01:16.597+0000] {taskinstance.py:430} INFO - ::endgroup::
[2026-01-12T00:01:16.621+0000] {subprocess.py:63} INFO - Tmp dir root location: /tmp
[2026-01-12T00:01:16.623+0000] {subprocess.py:75} INFO - Running command: ['/usr/bin/bash', '-c', '\n            echo "🚀 Lancement du job Spark..."\n            \n            # Copier le script si nécessaire\n            docker cp /opt/***/scripts/spark_traffic_processing.py spark-master:/tmp/ 2>/dev/null || true\n            \n            # Soumettre le job Spark\n            docker exec spark-master /opt/spark/bin/spark-submit                 --master spark://spark-master:7077                 --deploy-mode client                 --executor-memory 2g                 --total-executor-cores 2                 /tmp/spark_traffic_processing.py\n            \n            if [ $? -eq 0 ]; then\n                echo "✅ Job Spark terminé avec succès"\n            else\n                echo "❌ Erreur lors du job Spark"\n                exit 1\n            fi\n        ']
[2026-01-12T00:01:16.641+0000] {subprocess.py:86} INFO - Output:
[2026-01-12T00:01:16.649+0000] {subprocess.py:93} INFO - 🚀 Lancement du job Spark...
[2026-01-12T00:01:16.783+0000] {subprocess.py:93} INFO - Cannot connect to the Docker daemon at unix:///var/run/docker.sock. Is the docker daemon running?
[2026-01-12T00:01:16.789+0000] {subprocess.py:93} INFO - ❌ Erreur lors du job Spark
[2026-01-12T00:01:16.792+0000] {subprocess.py:97} INFO - Command exited with return code 1
[2026-01-12T00:01:16.794+0000] {taskinstance.py:441} INFO - ::group::Post task execution logs
[2026-01-12T00:01:16.809+0000] {taskinstance.py:2905} ERROR - Task failed with exception
Traceback (most recent call last):
  File "/home/airflow/.local/lib/python3.12/site-packages/airflow/models/taskinstance.py", line 460, in _execute_task
    result = _execute_callable(context=context, **execute_callable_kwargs)
             ^^^^^^^^^^^^^^^^^^^^^^^^^^^^^^^^^^^^^^^^^^^^^^^^^^^^^^^^^^^^^
  File "/home/airflow/.local/lib/python3.12/site-packages/airflow/models/taskinstance.py", line 432, in _execute_callable
    return execute_callable(context=context, **execute_callable_kwargs)
           ^^^^^^^^^^^^^^^^^^^^^^^^^^^^^^^^^^^^^^^^^^^^^^^^^^^^^^^^^^^^
  File "/home/airflow/.local/lib/python3.12/site-packages/airflow/models/baseoperator.py", line 401, in wrapper
    return func(self, *args, **kwargs)
           ^^^^^^^^^^^^^^^^^^^^^^^^^^^
  File "/home/airflow/.local/lib/python3.12/site-packages/airflow/operators/bash.py", line 243, in execute
    raise AirflowException(
airflow.exceptions.AirflowException: Bash command failed. The command returned a non-zero exit code 1.
[2026-01-12T00:01:16.817+0000] {taskinstance.py:1206} INFO - Marking task as UP_FOR_RETRY. dag_id=traffic_pipeline, task_id=spark_processing, run_id=manual__2026-01-12T00:01:12+00:00, execution_date=20260112T000112, start_date=20260112T000116, end_date=20260112T000116
[2026-01-12T00:01:16.853+0000] {standard_task_runner.py:110} ERROR - Failed to execute job 96 for task spark_processing (Bash command failed. The command returned a non-zero exit code 1.; 561)
[2026-01-12T00:01:16.892+0000] {local_task_job_runner.py:243} INFO - Task exited with return code 1
[2026-01-12T00:01:16.942+0000] {taskinstance.py:3503} INFO - 0 downstream tasks scheduled from follow-on schedule check
[2026-01-12T00:01:16.949+0000] {local_task_job_runner.py:222} INFO - ::endgroup::
