[2026-01-12T08:26:47.756+0000] {local_task_job_runner.py:120} INFO - ::group::Pre task execution logs
[2026-01-12T08:26:47.853+0000] {taskinstance.py:2076} INFO - Dependencies all met for dep_context=non-requeueable deps ti=<TaskInstance: traffic_pipeline.archive_raw_data scheduled__2026-01-12T06:00:00+00:00 [queued]>
[2026-01-12T08:26:47.873+0000] {taskinstance.py:2076} INFO - Dependencies all met for dep_context=requeueable deps ti=<TaskInstance: traffic_pipeline.archive_raw_data scheduled__2026-01-12T06:00:00+00:00 [queued]>
[2026-01-12T08:26:47.879+0000] {taskinstance.py:2306} INFO - Starting attempt 1 of 3
[2026-01-12T08:26:47.904+0000] {taskinstance.py:2330} INFO - Executing <Task(BashOperator): archive_raw_data> on 2026-01-12 06:00:00+00:00
[2026-01-12T08:26:47.922+0000] {standard_task_runner.py:90} INFO - Running: ['***', 'tasks', 'run', 'traffic_pipeline', 'archive_raw_data', 'scheduled__2026-01-12T06:00:00+00:00', '--job-id', '195', '--raw', '--subdir', 'DAGS_FOLDER/traffic_pipeline_dag.py', '--cfg-path', '/tmp/tmpcinsj3t3']
[2026-01-12T08:26:47.929+0000] {standard_task_runner.py:91} INFO - Job 195: Subtask archive_raw_data
[2026-01-12T08:26:47.952+0000] {logging_mixin.py:188} WARNING - /home/***/.local/lib/python3.12/site-packages/***/task/task_runner/standard_task_runner.py:62 DeprecationWarning: This process (pid=1440) is multi-threaded, use of fork() may lead to deadlocks in the child.
[2026-01-12T08:26:47.954+0000] {standard_task_runner.py:64} INFO - Started process 1442 to run task
[2026-01-12T08:26:48.088+0000] {task_command.py:426} INFO - Running <TaskInstance: traffic_pipeline.archive_raw_data scheduled__2026-01-12T06:00:00+00:00 [running]> on host 62775b93545d
[2026-01-12T08:26:48.295+0000] {taskinstance.py:2648} INFO - Exporting env vars: AIRFLOW_CTX_DAG_EMAIL='alertes@smartcity.local' AIRFLOW_CTX_DAG_OWNER='smartcity-team' AIRFLOW_CTX_DAG_ID='traffic_pipeline' AIRFLOW_CTX_TASK_ID='archive_raw_data' AIRFLOW_CTX_EXECUTION_DATE='2026-01-12T06:00:00+00:00' AIRFLOW_CTX_TRY_NUMBER='1' AIRFLOW_CTX_DAG_RUN_ID='scheduled__2026-01-12T06:00:00+00:00'
[2026-01-12T08:26:48.298+0000] {taskinstance.py:430} INFO - ::endgroup::
[2026-01-12T08:26:48.330+0000] {subprocess.py:63} INFO - Tmp dir root location: /tmp
[2026-01-12T08:26:48.333+0000] {subprocess.py:75} INFO - Running command: ['/usr/bin/bash', '-c', '\n            echo "📦 Archivage des données brutes..."\n            \n            # Obtenir la date du jour pour l\'archive\n            TODAY=$(date +%Y%m%d)\n            ARCHIVE_PATH="/data/archive/traffic/$TODAY"\n            \n            # Créer le dossier d\'archive si nécessaire\n            docker exec namenode hdfs dfs -mkdir -p $ARCHIVE_PATH 2>/dev/null || true\n            \n            # Déplacer les fichiers traités (optionnel - à activer si besoin)\n            # docker exec namenode hdfs dfs -mv /user/hdfs/traffic/* $ARCHIVE_PATH/ 2>/dev/null || true\n            \n            # Alternative : supprimer les fichiers de plus de 7 jours\n            echo "🧹 Nettoyage des fichiers de plus de 7 jours..."\n            CUTOFF_DATE=$(date -d \'7 days ago\' +%Y-%m-%d 2>/dev/null || date -v-7d +%Y-%m-%d 2>/dev/null || echo "2026-01-01")\n            \n            # Lister et afficher les fichiers à archiver (sans suppression)\n            docker exec namenode hdfs dfs -ls -R /user/hdfs/traffic 2>/dev/null | head -20 || true\n            \n            echo "✅ Archivage terminé (mode simulation)"\n        ']
[2026-01-12T08:26:48.351+0000] {subprocess.py:86} INFO - Output:
[2026-01-12T08:26:48.355+0000] {subprocess.py:93} INFO - 📦 Archivage des données brutes...
[2026-01-12T08:26:52.530+0000] {subprocess.py:93} INFO - 🧹 Nettoyage des fichiers de plus de 7 jours...
[2026-01-12T08:26:57.032+0000] {subprocess.py:93} INFO - drwxr-xr-x   - hdfs hdfs          0 2026-01-11 14:08 /user/hdfs/traffic/year=2026
[2026-01-12T08:26:57.033+0000] {subprocess.py:93} INFO - drwxr-xr-x   - hdfs hdfs          0 2026-01-11 14:08 /user/hdfs/traffic/year=2026/month=01
[2026-01-12T08:26:57.036+0000] {subprocess.py:93} INFO - drwxr-xr-x   - hdfs hdfs          0 2026-01-11 15:14 /user/hdfs/traffic/year=2026/month=01/day=11
[2026-01-12T08:26:57.038+0000] {subprocess.py:93} INFO - drwxr-xr-x   - hdfs hdfs          0 2026-01-11 15:18 /user/hdfs/traffic/year=2026/month=01/day=11/zone=Centre-Ville
[2026-01-12T08:26:57.039+0000] {subprocess.py:93} INFO - -rw-r--r--   3 hdfs hdfs       1427 2026-01-11 15:14 /user/hdfs/traffic/year=2026/month=01/day=11/zone=Centre-Ville/traffic_20260111140822.jsonl
[2026-01-12T08:26:57.040+0000] {subprocess.py:93} INFO - -rw-r--r--   3 hdfs hdfs       2522 2026-01-11 15:14 /user/hdfs/traffic/year=2026/month=01/day=11/zone=Centre-Ville/traffic_20260111140825.jsonl
[2026-01-12T08:26:57.042+0000] {subprocess.py:93} INFO - -rw-r--r--   3 hdfs hdfs       1791 2026-01-11 15:14 /user/hdfs/traffic/year=2026/month=01/day=11/zone=Centre-Ville/traffic_20260111140828.jsonl
[2026-01-12T08:26:57.044+0000] {subprocess.py:93} INFO - -rw-r--r--   3 hdfs hdfs       2327 2026-01-11 15:14 /user/hdfs/traffic/year=2026/month=01/day=11/zone=Centre-Ville/traffic_20260111140831.jsonl
[2026-01-12T08:26:57.045+0000] {subprocess.py:93} INFO - -rw-r--r--   3 hdfs hdfs       2339 2026-01-11 15:14 /user/hdfs/traffic/year=2026/month=01/day=11/zone=Centre-Ville/traffic_20260111140833.jsonl
[2026-01-12T08:26:57.047+0000] {subprocess.py:93} INFO - -rw-r--r--   3 hdfs hdfs       2907 2026-01-11 15:14 /user/hdfs/traffic/year=2026/month=01/day=11/zone=Centre-Ville/traffic_20260111140836.jsonl
[2026-01-12T08:26:57.048+0000] {subprocess.py:93} INFO - -rw-r--r--   3 hdfs hdfs        531 2026-01-11 15:14 /user/hdfs/traffic/year=2026/month=01/day=11/zone=Centre-Ville/traffic_20260111140839.jsonl
[2026-01-12T08:26:57.056+0000] {subprocess.py:93} INFO - -rw-r--r--   3 hdfs hdfs       1432 2026-01-11 15:14 /user/hdfs/traffic/year=2026/month=01/day=11/zone=Centre-Ville/traffic_20260111140841.jsonl
[2026-01-12T08:26:57.058+0000] {subprocess.py:93} INFO - -rw-r--r--   3 hdfs hdfs       1813 2026-01-11 15:14 /user/hdfs/traffic/year=2026/month=01/day=11/zone=Centre-Ville/traffic_20260111140843.jsonl
[2026-01-12T08:26:57.060+0000] {subprocess.py:93} INFO - -rw-r--r--   3 hdfs hdfs       2313 2026-01-11 15:14 /user/hdfs/traffic/year=2026/month=01/day=11/zone=Centre-Ville/traffic_20260111140846.jsonl
[2026-01-12T08:26:57.062+0000] {subprocess.py:93} INFO - -rw-r--r--   3 hdfs hdfs       2853 2026-01-11 15:14 /user/hdfs/traffic/year=2026/month=01/day=11/zone=Centre-Ville/traffic_20260111140848.jsonl
[2026-01-12T08:26:57.065+0000] {subprocess.py:93} INFO - -rw-r--r--   3 hdfs hdfs       2327 2026-01-11 15:14 /user/hdfs/traffic/year=2026/month=01/day=11/zone=Centre-Ville/traffic_20260111140851.jsonl
[2026-01-12T08:26:57.067+0000] {subprocess.py:93} INFO - -rw-r--r--   3 hdfs hdfs       1969 2026-01-11 15:14 /user/hdfs/traffic/year=2026/month=01/day=11/zone=Centre-Ville/traffic_20260111140853.jsonl
[2026-01-12T08:26:57.068+0000] {subprocess.py:93} INFO - -rw-r--r--   3 hdfs hdfs       1621 2026-01-11 15:14 /user/hdfs/traffic/year=2026/month=01/day=11/zone=Centre-Ville/traffic_20260111140856.jsonl
[2026-01-12T08:26:57.069+0000] {subprocess.py:93} INFO - -rw-r--r--   3 hdfs hdfs       1462 2026-01-11 15:14 /user/hdfs/traffic/year=2026/month=01/day=11/zone=Centre-Ville/traffic_20260111140859.jsonl
[2026-01-12T08:26:57.070+0000] {subprocess.py:93} INFO - -rw-r--r--   3 hdfs hdfs       2513 2026-01-11 15:14 /user/hdfs/traffic/year=2026/month=01/day=11/zone=Centre-Ville/traffic_20260111140901.jsonl
[2026-01-12T08:26:57.072+0000] {subprocess.py:93} INFO - ✅ Archivage terminé (mode simulation)
[2026-01-12T08:26:57.074+0000] {subprocess.py:97} INFO - Command exited with return code 0
[2026-01-12T08:26:57.080+0000] {taskinstance.py:441} INFO - ::group::Post task execution logs
[2026-01-12T08:26:57.190+0000] {taskinstance.py:1206} INFO - Marking task as SUCCESS. dag_id=traffic_pipeline, task_id=archive_raw_data, run_id=scheduled__2026-01-12T06:00:00+00:00, execution_date=20260112T060000, start_date=20260112T082647, end_date=20260112T082657
[2026-01-12T08:26:57.269+0000] {local_task_job_runner.py:243} INFO - Task exited with return code 0
[2026-01-12T08:26:57.315+0000] {taskinstance.py:3503} INFO - 0 downstream tasks scheduled from follow-on schedule check
[2026-01-12T08:26:57.327+0000] {local_task_job_runner.py:222} INFO - ::endgroup::
