[2026-01-11T21:35:17.007+0000] {local_task_job_runner.py:120} INFO - ::group::Pre task execution logs
[2026-01-11T21:35:17.076+0000] {taskinstance.py:2076} INFO - Dependencies all met for dep_context=non-requeueable deps ti=<TaskInstance: traffic_pipeline.check_kafka_health manual__2026-01-11T21:35:16+00:00 [queued]>
[2026-01-11T21:35:17.090+0000] {taskinstance.py:2076} INFO - Dependencies all met for dep_context=requeueable deps ti=<TaskInstance: traffic_pipeline.check_kafka_health manual__2026-01-11T21:35:16+00:00 [queued]>
[2026-01-11T21:35:17.093+0000] {taskinstance.py:2306} INFO - Starting attempt 1 of 3
[2026-01-11T21:35:17.118+0000] {taskinstance.py:2330} INFO - Executing <Task(BashOperator): check_kafka_health> on 2026-01-11 21:35:16+00:00
[2026-01-11T21:35:17.131+0000] {standard_task_runner.py:90} INFO - Running: ['***', 'tasks', 'run', 'traffic_pipeline', 'check_kafka_health', 'manual__2026-01-11T21:35:16+00:00', '--job-id', '42', '--raw', '--subdir', 'DAGS_FOLDER/traffic_pipeline_dag.py', '--cfg-path', '/tmp/tmpr70hg5l6']
[2026-01-11T21:35:17.136+0000] {standard_task_runner.py:91} INFO - Job 42: Subtask check_kafka_health
[2026-01-11T21:35:17.135+0000] {logging_mixin.py:188} WARNING - /home/***/.local/lib/python3.12/site-packages/***/task/task_runner/standard_task_runner.py:62 DeprecationWarning: This process (pid=3877) is multi-threaded, use of fork() may lead to deadlocks in the child.
[2026-01-11T21:35:17.139+0000] {standard_task_runner.py:64} INFO - Started process 3878 to run task
[2026-01-11T21:35:17.264+0000] {task_command.py:426} INFO - Running <TaskInstance: traffic_pipeline.check_kafka_health manual__2026-01-11T21:35:16+00:00 [running]> on host b4454463b3f2
[2026-01-11T21:35:17.461+0000] {taskinstance.py:2648} INFO - Exporting env vars: AIRFLOW_CTX_DAG_EMAIL='alertes@smartcity.local' AIRFLOW_CTX_DAG_OWNER='smartcity-team' AIRFLOW_CTX_DAG_ID='traffic_pipeline' AIRFLOW_CTX_TASK_ID='check_kafka_health' AIRFLOW_CTX_EXECUTION_DATE='2026-01-11T21:35:16+00:00' AIRFLOW_CTX_TRY_NUMBER='1' AIRFLOW_CTX_DAG_RUN_ID='manual__2026-01-11T21:35:16+00:00'
[2026-01-11T21:35:17.468+0000] {taskinstance.py:430} INFO - ::endgroup::
[2026-01-11T21:35:17.530+0000] {subprocess.py:63} INFO - Tmp dir root location: /tmp
[2026-01-11T21:35:17.535+0000] {subprocess.py:75} INFO - Running command: ['/usr/bin/bash', '-c', '\n            echo "🔍 Vérification de la connectivité Kafka..."\n            \n            # Tenter une connexion au broker Kafka\n            if nc -z -w5 kafka 9093 2>/dev/null; then\n                echo "✅ Kafka est accessible sur kafka:9093"\n                exit 0\n            else\n                echo "❌ Kafka n\'est pas accessible"\n                exit 1\n            fi\n        ']
[2026-01-11T21:35:17.559+0000] {subprocess.py:86} INFO - Output:
[2026-01-11T21:35:17.562+0000] {subprocess.py:93} INFO - 🔍 Vérification de la connectivité Kafka...
[2026-01-11T21:35:17.566+0000] {subprocess.py:93} INFO - ✅ Kafka est accessible sur kafka:9093
[2026-01-11T21:35:17.567+0000] {subprocess.py:97} INFO - Command exited with return code 0
[2026-01-11T21:35:17.569+0000] {taskinstance.py:441} INFO - ::group::Post task execution logs
[2026-01-11T21:35:17.625+0000] {taskinstance.py:1206} INFO - Marking task as SUCCESS. dag_id=traffic_pipeline, task_id=check_kafka_health, run_id=manual__2026-01-11T21:35:16+00:00, execution_date=20260111T213516, start_date=20260111T213517, end_date=20260111T213517
[2026-01-11T21:35:17.697+0000] {local_task_job_runner.py:243} INFO - Task exited with return code 0
[2026-01-11T21:35:17.735+0000] {taskinstance.py:3503} INFO - 1 downstream tasks scheduled from follow-on schedule check
[2026-01-11T21:35:17.741+0000] {local_task_job_runner.py:222} INFO - ::endgroup::
