[2026-01-12T08:45:02.597+0000] {local_task_job_runner.py:120} INFO - ::group::Pre task execution logs
[2026-01-12T08:45:02.676+0000] {taskinstance.py:2076} INFO - Dependencies all met for dep_context=non-requeueable deps ti=<TaskInstance: traffic_pipeline_monitor.health_check scheduled__2026-01-12T08:30:00+00:00 [queued]>
[2026-01-12T08:45:02.695+0000] {taskinstance.py:2076} INFO - Dependencies all met for dep_context=requeueable deps ti=<TaskInstance: traffic_pipeline_monitor.health_check scheduled__2026-01-12T08:30:00+00:00 [queued]>
[2026-01-12T08:45:02.702+0000] {taskinstance.py:2306} INFO - Starting attempt 1 of 3
[2026-01-12T08:45:02.743+0000] {taskinstance.py:2330} INFO - Executing <Task(BashOperator): health_check> on 2026-01-12 08:30:00+00:00
[2026-01-12T08:45:02.762+0000] {standard_task_runner.py:90} INFO - Running: ['***', 'tasks', 'run', 'traffic_pipeline_monitor', 'health_check', 'scheduled__2026-01-12T08:30:00+00:00', '--job-id', '204', '--raw', '--subdir', 'DAGS_FOLDER/traffic_pipeline_dag.py', '--cfg-path', '/tmp/tmpt2smxc32']
[2026-01-12T08:45:02.769+0000] {standard_task_runner.py:91} INFO - Job 204: Subtask health_check
[2026-01-12T08:45:02.812+0000] {logging_mixin.py:188} WARNING - /home/***/.local/lib/python3.12/site-packages/***/task/task_runner/standard_task_runner.py:62 DeprecationWarning: This process (pid=2086) is multi-threaded, use of fork() may lead to deadlocks in the child.
[2026-01-12T08:45:02.818+0000] {standard_task_runner.py:64} INFO - Started process 2087 to run task
[2026-01-12T08:45:03.026+0000] {task_command.py:426} INFO - Running <TaskInstance: traffic_pipeline_monitor.health_check scheduled__2026-01-12T08:30:00+00:00 [running]> on host 62775b93545d
[2026-01-12T08:45:03.350+0000] {taskinstance.py:2648} INFO - Exporting env vars: AIRFLOW_CTX_DAG_EMAIL='alertes@smartcity.local' AIRFLOW_CTX_DAG_OWNER='smartcity-team' AIRFLOW_CTX_DAG_ID='traffic_pipeline_monitor' AIRFLOW_CTX_TASK_ID='health_check' AIRFLOW_CTX_EXECUTION_DATE='2026-01-12T08:30:00+00:00' AIRFLOW_CTX_TRY_NUMBER='1' AIRFLOW_CTX_DAG_RUN_ID='scheduled__2026-01-12T08:30:00+00:00'
[2026-01-12T08:45:03.353+0000] {taskinstance.py:430} INFO - ::endgroup::
[2026-01-12T08:45:03.382+0000] {subprocess.py:63} INFO - Tmp dir root location: /tmp
[2026-01-12T08:45:03.385+0000] {subprocess.py:75} INFO - Running command: ['/usr/bin/bash', '-c', '\n            echo "🔍 Health Check du pipeline..."\n            \n            # Vérifier Kafka\n            nc -z -w2 kafka 9093 && echo "✅ Kafka OK" || echo "❌ Kafka KO"\n            \n            # Vérifier HDFS (via curl sur l\'API WebHDFS)\n            curl -s -o /dev/null -w "%{http_code}" http://namenode:9870/webhdfs/v1/?op=LISTSTATUS | grep -q "200" && echo "✅ HDFS OK" || echo "❌ HDFS KO"\n            \n            # Vérifier Spark Master\n            curl -s -o /dev/null -w "%{http_code}" http://spark-master:8080/ | grep -q "200" && echo "✅ Spark OK" || echo "❌ Spark KO"\n            \n            # Vérifier API Analytics\n            curl -s -o /dev/null -w "%{http_code}" http://api-analytics:8000/health | grep -q "200" && echo "✅ API OK" || echo "❌ API KO"\n            \n            echo "✅ Health check terminé"\n        ']
[2026-01-12T08:45:03.408+0000] {subprocess.py:86} INFO - Output:
[2026-01-12T08:45:03.442+0000] {subprocess.py:93} INFO - 🔍 Health Check du pipeline...
[2026-01-12T08:45:03.480+0000] {subprocess.py:93} INFO - ✅ Kafka OK
[2026-01-12T08:45:03.554+0000] {subprocess.py:93} INFO - ✅ HDFS OK
[2026-01-12T08:45:03.589+0000] {subprocess.py:93} INFO - ✅ Spark OK
[2026-01-12T08:45:03.642+0000] {subprocess.py:93} INFO - ✅ API OK
[2026-01-12T08:45:03.644+0000] {subprocess.py:93} INFO - ✅ Health check terminé
[2026-01-12T08:45:03.647+0000] {subprocess.py:97} INFO - Command exited with return code 0
[2026-01-12T08:45:03.651+0000] {taskinstance.py:441} INFO - ::group::Post task execution logs
[2026-01-12T08:45:03.721+0000] {taskinstance.py:1206} INFO - Marking task as SUCCESS. dag_id=traffic_pipeline_monitor, task_id=health_check, run_id=scheduled__2026-01-12T08:30:00+00:00, execution_date=20260112T083000, start_date=20260112T084502, end_date=20260112T084503
[2026-01-12T08:45:03.792+0000] {local_task_job_runner.py:243} INFO - Task exited with return code 0
[2026-01-12T08:45:03.847+0000] {taskinstance.py:3503} INFO - 0 downstream tasks scheduled from follow-on schedule check
[2026-01-12T08:45:03.858+0000] {local_task_job_runner.py:222} INFO - ::endgroup::
