[2026-01-11T21:39:59.434+0000] {local_task_job_runner.py:120} INFO - ::group::Pre task execution logs
[2026-01-11T21:39:59.498+0000] {taskinstance.py:2066} INFO - Dependencies not met for <TaskInstance: traffic_pipeline.spark_processing manual__2026-01-11T00:00:00+00:00 [up_for_retry]>, dependency 'Not In Retry Period' FAILED: Task is not ready for retry yet but will be retried automatically. Current date is 2026-01-11T21:39:59.498640+00:00 and task will be retried at 2026-01-11T21:44:58.894648+00:00.
[2026-01-11T21:39:59.505+0000] {local_task_job_runner.py:163} INFO - Task is not able to be run
[2026-01-11T21:44:59.874+0000] {local_task_job_runner.py:120} INFO - ::group::Pre task execution logs
[2026-01-11T21:44:59.964+0000] {taskinstance.py:2076} INFO - Dependencies all met for dep_context=non-requeueable deps ti=<TaskInstance: traffic_pipeline.spark_processing manual__2026-01-11T00:00:00+00:00 [queued]>
[2026-01-11T21:44:59.987+0000] {taskinstance.py:2076} INFO - Dependencies all met for dep_context=requeueable deps ti=<TaskInstance: traffic_pipeline.spark_processing manual__2026-01-11T00:00:00+00:00 [queued]>
[2026-01-11T21:44:59.989+0000] {taskinstance.py:2306} INFO - Starting attempt 2 of 3
[2026-01-11T21:45:00.030+0000] {taskinstance.py:2330} INFO - Executing <Task(BashOperator): spark_processing> on 2026-01-11 00:00:00+00:00
[2026-01-11T21:45:00.056+0000] {standard_task_runner.py:90} INFO - Running: ['***', 'tasks', 'run', 'traffic_pipeline', 'spark_processing', 'manual__2026-01-11T00:00:00+00:00', '--job-id', '52', '--raw', '--subdir', 'DAGS_FOLDER/traffic_pipeline_dag.py', '--cfg-path', '/tmp/tmpi9zqjir2']
[2026-01-11T21:45:00.062+0000] {logging_mixin.py:188} WARNING - /home/***/.local/lib/python3.12/site-packages/***/task/task_runner/standard_task_runner.py:62 DeprecationWarning: This process (pid=4212) is multi-threaded, use of fork() may lead to deadlocks in the child.
[2026-01-11T21:45:00.063+0000] {standard_task_runner.py:91} INFO - Job 52: Subtask spark_processing
[2026-01-11T21:45:00.064+0000] {standard_task_runner.py:64} INFO - Started process 4215 to run task
[2026-01-11T21:45:00.192+0000] {task_command.py:426} INFO - Running <TaskInstance: traffic_pipeline.spark_processing manual__2026-01-11T00:00:00+00:00 [running]> on host b4454463b3f2
[2026-01-11T21:45:00.345+0000] {taskinstance.py:2648} INFO - Exporting env vars: AIRFLOW_CTX_DAG_EMAIL='alertes@smartcity.local' AIRFLOW_CTX_DAG_OWNER='smartcity-team' AIRFLOW_CTX_DAG_ID='traffic_pipeline' AIRFLOW_CTX_TASK_ID='spark_processing' AIRFLOW_CTX_EXECUTION_DATE='2026-01-11T00:00:00+00:00' AIRFLOW_CTX_TRY_NUMBER='2' AIRFLOW_CTX_DAG_RUN_ID='manual__2026-01-11T00:00:00+00:00'
[2026-01-11T21:45:00.348+0000] {taskinstance.py:430} INFO - ::endgroup::
[2026-01-11T21:45:00.370+0000] {subprocess.py:63} INFO - Tmp dir root location: /tmp
[2026-01-11T21:45:00.372+0000] {subprocess.py:75} INFO - Running command: ['/usr/bin/bash', '-c', '\n            echo "🚀 Lancement du job Spark..."\n            \n            # Copier le script si nécessaire\n            docker cp /opt/***/scripts/spark_traffic_processing.py spark-master:/tmp/ 2>/dev/null || true\n            \n            # Soumettre le job Spark\n            docker exec spark-master /opt/spark/bin/spark-submit                 --master spark://spark-master:7077                 --deploy-mode client                 --executor-memory 2g                 --total-executor-cores 2                 /tmp/spark_traffic_processing.py\n            \n            if [ $? -eq 0 ]; then\n                echo "✅ Job Spark terminé avec succès"\n            else\n                echo "❌ Erreur lors du job Spark"\n                exit 1\n            fi\n        ']
[2026-01-11T21:45:00.389+0000] {subprocess.py:86} INFO - Output:
[2026-01-11T21:45:00.392+0000] {subprocess.py:93} INFO - 🚀 Lancement du job Spark...
[2026-01-11T21:45:00.473+0000] {subprocess.py:93} INFO - Cannot connect to the Docker daemon at unix:///var/run/docker.sock. Is the docker daemon running?
[2026-01-11T21:45:00.476+0000] {subprocess.py:93} INFO - ❌ Erreur lors du job Spark
[2026-01-11T21:45:00.478+0000] {subprocess.py:97} INFO - Command exited with return code 1
[2026-01-11T21:45:00.480+0000] {taskinstance.py:441} INFO - ::group::Post task execution logs
[2026-01-11T21:45:00.497+0000] {taskinstance.py:2905} ERROR - Task failed with exception
Traceback (most recent call last):
  File "/home/airflow/.local/lib/python3.12/site-packages/airflow/models/taskinstance.py", line 460, in _execute_task
    result = _execute_callable(context=context, **execute_callable_kwargs)
             ^^^^^^^^^^^^^^^^^^^^^^^^^^^^^^^^^^^^^^^^^^^^^^^^^^^^^^^^^^^^^
  File "/home/airflow/.local/lib/python3.12/site-packages/airflow/models/taskinstance.py", line 432, in _execute_callable
    return execute_callable(context=context, **execute_callable_kwargs)
           ^^^^^^^^^^^^^^^^^^^^^^^^^^^^^^^^^^^^^^^^^^^^^^^^^^^^^^^^^^^^
  File "/home/airflow/.local/lib/python3.12/site-packages/airflow/models/baseoperator.py", line 401, in wrapper
    return func(self, *args, **kwargs)
           ^^^^^^^^^^^^^^^^^^^^^^^^^^^
  File "/home/airflow/.local/lib/python3.12/site-packages/airflow/operators/bash.py", line 243, in execute
    raise AirflowException(
airflow.exceptions.AirflowException: Bash command failed. The command returned a non-zero exit code 1.
[2026-01-11T21:45:00.507+0000] {taskinstance.py:1206} INFO - Marking task as UP_FOR_RETRY. dag_id=traffic_pipeline, task_id=spark_processing, run_id=manual__2026-01-11T00:00:00+00:00, execution_date=20260111T000000, start_date=20260111T214459, end_date=20260111T214500
[2026-01-11T21:45:00.537+0000] {standard_task_runner.py:110} ERROR - Failed to execute job 52 for task spark_processing (Bash command failed. The command returned a non-zero exit code 1.; 4215)
[2026-01-11T21:45:00.580+0000] {local_task_job_runner.py:243} INFO - Task exited with return code 1
[2026-01-11T21:45:00.641+0000] {taskinstance.py:3503} INFO - 0 downstream tasks scheduled from follow-on schedule check
[2026-01-11T21:45:00.646+0000] {local_task_job_runner.py:222} INFO - ::endgroup::
