[2026-01-12T07:48:17.724+0000] {local_task_job_runner.py:120} INFO - ::group::Pre task execution logs
[2026-01-12T07:48:18.296+0000] {taskinstance.py:2076} INFO - Dependencies all met for dep_context=non-requeueable deps ti=<TaskInstance: traffic_pipeline.check_kafka_health scheduled__2026-01-12T06:00:00+00:00 [queued]>
[2026-01-12T07:48:18.412+0000] {taskinstance.py:2076} INFO - Dependencies all met for dep_context=requeueable deps ti=<TaskInstance: traffic_pipeline.check_kafka_health scheduled__2026-01-12T06:00:00+00:00 [queued]>
[2026-01-12T07:48:18.530+0000] {taskinstance.py:2306} INFO - Starting attempt 1 of 3
[2026-01-12T07:48:19.261+0000] {taskinstance.py:2330} INFO - Executing <Task(BashOperator): check_kafka_health> on 2026-01-12 06:00:00+00:00
[2026-01-12T07:48:19.565+0000] {logging_mixin.py:188} WARNING - /home/***/.local/lib/python3.12/site-packages/***/task/task_runner/standard_task_runner.py:62 DeprecationWarning: This process (pid=235) is multi-threaded, use of fork() may lead to deadlocks in the child.
[2026-01-12T07:48:19.750+0000] {standard_task_runner.py:90} INFO - Running: ['***', 'tasks', 'run', 'traffic_pipeline', 'check_kafka_health', 'scheduled__2026-01-12T06:00:00+00:00', '--job-id', '161', '--raw', '--subdir', 'DAGS_FOLDER/traffic_pipeline_dag.py', '--cfg-path', '/tmp/tmpwvgzza5i']
[2026-01-12T07:48:20.046+0000] {standard_task_runner.py:91} INFO - Job 161: Subtask check_kafka_health
[2026-01-12T07:48:19.807+0000] {standard_task_runner.py:64} INFO - Started process 254 to run task
[2026-01-12T07:48:21.406+0000] {task_command.py:426} INFO - Running <TaskInstance: traffic_pipeline.check_kafka_health scheduled__2026-01-12T06:00:00+00:00 [running]> on host 62775b93545d
[2026-01-12T07:48:20.438+0000] {taskinstance.py:2648} INFO - Exporting env vars: AIRFLOW_CTX_DAG_EMAIL='alertes@smartcity.local' AIRFLOW_CTX_DAG_OWNER='smartcity-team' AIRFLOW_CTX_DAG_ID='traffic_pipeline' AIRFLOW_CTX_TASK_ID='check_kafka_health' AIRFLOW_CTX_EXECUTION_DATE='2026-01-12T06:00:00+00:00' AIRFLOW_CTX_TRY_NUMBER='1' AIRFLOW_CTX_DAG_RUN_ID='scheduled__2026-01-12T06:00:00+00:00'
[2026-01-12T07:48:20.458+0000] {taskinstance.py:430} INFO - ::endgroup::
[2026-01-12T07:48:20.540+0000] {subprocess.py:63} INFO - Tmp dir root location: /tmp
[2026-01-12T07:48:20.559+0000] {subprocess.py:75} INFO - Running command: ['/usr/bin/bash', '-c', '\n            echo "🔍 Vérification de la connectivité Kafka..."\n            \n            # Tenter une connexion au broker Kafka\n            if nc -z -w5 kafka 9093 2>/dev/null; then\n                echo "✅ Kafka est accessible sur kafka:9093"\n                exit 0\n            else\n                echo "❌ Kafka n\'est pas accessible"\n                exit 1\n            fi\n        ']
[2026-01-12T07:48:20.669+0000] {subprocess.py:86} INFO - Output:
[2026-01-12T07:48:20.673+0000] {subprocess.py:93} INFO - 🔍 Vérification de la connectivité Kafka...
[2026-01-12T07:48:20.694+0000] {subprocess.py:93} INFO - ✅ Kafka est accessible sur kafka:9093
[2026-01-12T07:48:20.697+0000] {subprocess.py:97} INFO - Command exited with return code 0
[2026-01-12T07:48:20.699+0000] {taskinstance.py:441} INFO - ::group::Post task execution logs
[2026-01-12T07:48:20.835+0000] {taskinstance.py:1206} INFO - Marking task as SUCCESS. dag_id=traffic_pipeline, task_id=check_kafka_health, run_id=scheduled__2026-01-12T06:00:00+00:00, execution_date=20260112T060000, start_date=20260112T074818, end_date=20260112T074820
[2026-01-12T07:48:20.944+0000] {local_task_job_runner.py:243} INFO - Task exited with return code 0
[2026-01-12T07:48:21.025+0000] {taskinstance.py:3503} INFO - 1 downstream tasks scheduled from follow-on schedule check
[2026-01-12T07:48:21.048+0000] {local_task_job_runner.py:222} INFO - ::endgroup::
